14:48:36.715 [main] DEBUG jp.ac.titech.c.se.stein.Application - Set log level of ROOT to DEBUG
14:48:36.717 [main] DEBUG jp.ac.titech.c.se.stein.Application - Set log level of org.eclipse.jgit to INFO
14:48:36.717 [main] DEBUG jp.ac.titech.c.se.stein.Application - Rewriter: jp.ac.titech.c.se.stein.app.Clusterer
14:48:36.718 [main] INFO jp.ac.titech.c.se.stein.Application - Delete directory: /Users/leichen/ResearchAssistant/InteractiveRebase/data/experimentResult/mbassador3
14:48:37.245 [main] INFO jp.ac.titech.c.se.stein.Application - Starting rewriting: /Users/leichen/ResearchAssistant/InteractiveRebase/data/mbassador/.git -> /Users/leichen/ResearchAssistant/InteractiveRebase/data/experimentResult/mbassador3/.git
14:48:37.286 [main] DEBUG jp.ac.titech.c.se.stein.core.RepositoryRewriter - Ref HEAD: added as a start point (commit: 3da444255c2abf840c3cafda73081e9b3476098e)
14:48:37.286 [main] DEBUG jp.ac.titech.c.se.stein.core.RepositoryRewriter - Ref refs/heads/master: added as a start point (commit: 3da444255c2abf840c3cafda73081e9b3476098e)
14:48:37.286 [main] DEBUG jp.ac.titech.c.se.stein.core.RepositoryRewriter - Ref refs/tags/1.3.0: added as a start point (commit: 744c029ea08c536b3c2fd7f86bcf4ad04b5d311b)
14:48:37.287 [main] DEBUG jp.ac.titech.c.se.stein.core.RepositoryRewriter - Ref refs/tags/1.3.1: added as a start point (commit: 3e7232147c5a7bfcadd36f13c9c3f9822c3bb552)
14:48:37.287 [main] DEBUG jp.ac.titech.c.se.stein.core.RepositoryRewriter - Ref refs/tags/mbassador-1.0.7: added as a start point (commit: 3c135faccd93eca3f463bc40b1f619f10e007a1a)
14:48:37.287 [main] DEBUG jp.ac.titech.c.se.stein.core.RepositoryRewriter - Ref refs/tags/mbassador-1.1.0: added as a start point (commit: c83d8702f0a553d06503fcb54efd34bef5c6c97c)
14:48:37.287 [main] DEBUG jp.ac.titech.c.se.stein.core.RepositoryRewriter - Ref refs/tags/mbassador-1.1.1: added as a start point (commit: 49ee3cb84b0e0c62b4fdef450e98e92a3b077f75)
14:48:37.287 [main] DEBUG jp.ac.titech.c.se.stein.core.RepositoryRewriter - Ref refs/tags/mbassador-1.1.10: added as a start point (commit: c0a087b26abe7f538dc07843783c15fa09d9724e)
14:48:37.287 [main] DEBUG jp.ac.titech.c.se.stein.core.RepositoryRewriter - Ref refs/tags/mbassador-1.1.2: added as a start point (commit: 0f62f53ebda03a1ccdea71b5a0de8ff3a30e8e14)
14:48:37.287 [main] DEBUG jp.ac.titech.c.se.stein.core.RepositoryRewriter - Ref refs/tags/mbassador-1.1.3: added as a start point (commit: f29ec01eb734c299806af307bb733ed0d80b42c5)
14:48:37.287 [main] DEBUG jp.ac.titech.c.se.stein.core.RepositoryRewriter - Ref refs/tags/mbassador-1.1.4: added as a start point (commit: 7e818b584e5febe71a33c1158dff13a8e4383bd6)
14:48:37.288 [main] DEBUG jp.ac.titech.c.se.stein.core.RepositoryRewriter - Ref refs/tags/mbassador-1.1.5: added as a start point (commit: e7c3dcfe568a3e2604622c7e95a9a131ea86c793)
14:48:37.288 [main] DEBUG jp.ac.titech.c.se.stein.core.RepositoryRewriter - Ref refs/tags/mbassador-1.1.6: added as a start point (commit: 302d96f46b66b43fe49f8541747c1402fc944bf9)
14:48:37.288 [main] DEBUG jp.ac.titech.c.se.stein.core.RepositoryRewriter - Ref refs/tags/mbassador-1.1.7: added as a start point (commit: 72c0f60a5061fa713a755304a4255bf82645fdfd)
14:48:37.288 [main] DEBUG jp.ac.titech.c.se.stein.core.RepositoryRewriter - Ref refs/tags/mbassador-1.1.8: added as a start point (commit: e215da51c83b38e77cd0ddf6b11cde24ec4424f6)
14:48:37.288 [main] DEBUG jp.ac.titech.c.se.stein.core.RepositoryRewriter - Ref refs/tags/mbassador-1.1.9: added as a start point (commit: 7a139240b5d8270e71eaa5bce33664364495ddee)
14:48:37.288 [main] DEBUG jp.ac.titech.c.se.stein.core.RepositoryRewriter - Ref refs/tags/mbassador-1.2.0: added as a start point (commit: 56597b125fc88539d38208fae7e1aa16f831ab4a)
14:48:37.288 [main] DEBUG jp.ac.titech.c.se.stein.core.RepositoryRewriter - Ref refs/tags/mbassador-1.2.1: added as a start point (commit: 1d4149a1019c3c8dd8e9053bb275153358854e7e)
14:48:37.288 [main] DEBUG jp.ac.titech.c.se.stein.core.RepositoryRewriter - Ref refs/tags/mbassador-1.2.3: added as a start point (commit: 24e0d52b1a875af11d5e8b332d4248936592ba39)
14:48:37.288 [main] DEBUG jp.ac.titech.c.se.stein.core.RepositoryRewriter - Ref refs/tags/mbassador-1.2.4: added as a start point (commit: 4503962ae0208c4027244b3eb98b6abd0c9a31de)
14:48:37.289 [main] DEBUG jp.ac.titech.c.se.stein.core.RepositoryRewriter - Ref refs/tags/mbassador-1.2.4.1: added as a start point (commit: a8f6a28d20bdefae25a6d9bcd921b2a5d9080379)
14:48:37.289 [main] DEBUG jp.ac.titech.c.se.stein.core.RepositoryRewriter - Ref refs/tags/mbassador-1.2.4.2: added as a start point (commit: e2d9b8f6869182abcb9ffc77038d9343b1753e0c)
14:48:37.306 [main] DEBUG jp.ac.titech.c.se.stein.app.Clusterer - Graph: 336 vertices, 383 edges 
14:48:37.309 [main] DEBUG jp.ac.titech.c.se.stein.app.Clusterer - Merge cluster: [5974076faa647b8dd426bde5d26f7df68bb23b7a, 60c153fb72868fc31e535852cf0c420022d26c2b, 1e98ff489d2b2cbc78717a6f543a16fbaa1a8118] -> [5974076faa647b8dd426bde5d26f7df68bb23b7a] (size: 3 -> 1)
14:48:37.317 [main] DEBUG jp.ac.titech.c.se.stein.app.Clusterer - Substitute parents: [] -> [] (commit: "88ae82e3caaabe29e40cc6023df7329892e3914c")
14:48:37.326 [main] DEBUG jp.ac.titech.c.se.stein.core.RepositoryRewriter - Rewrite tree: 0fccc415ca92e18e0e774874908d6d97397d27eb -> 0fccc415ca92e18e0e774874908d6d97397d27eb (commit: "88ae82e3caaabe29e40cc6023df7329892e3914c")
14:48:37.328 [main] DEBUG jp.ac.titech.c.se.stein.core.RepositoryRewriter - Rewrite commit: 88ae82e3caaabe29e40cc6023df7329892e3914c -> 88ae82e3caaabe29e40cc6023df7329892e3914c 
14:48:37.329 [main] DEBUG jp.ac.titech.c.se.stein.app.Clusterer - Substitute parents: [88ae82e3caaabe29e40cc6023df7329892e3914c] -> [88ae82e3caaabe29e40cc6023df7329892e3914c] (commit: "8c4d515c2131f37f05e4c51028a71d0c73acc6a9")
14:48:37.395 [main] DEBUG jp.ac.titech.c.se.stein.core.RepositoryRewriter - Rewrite tree: d16abd2540e256d1a9681e7eca44b835949a24f1 -> d16abd2540e256d1a9681e7eca44b835949a24f1 (commit: "8c4d515c2131f37f05e4c51028a71d0c73acc6a9")
14:48:37.400 [main] DEBUG jp.ac.titech.c.se.stein.core.RepositoryRewriter - Rewrite commit: 8c4d515c2131f37f05e4c51028a71d0c73acc6a9 -> 8c4d515c2131f37f05e4c51028a71d0c73acc6a9 
14:48:37.401 [main] DEBUG jp.ac.titech.c.se.stein.app.Clusterer - Substitute parents: [8c4d515c2131f37f05e4c51028a71d0c73acc6a9] -> [8c4d515c2131f37f05e4c51028a71d0c73acc6a9] (commit: "bf84dfceac990b1f2c15d70b69616366d5f36385")
14:48:37.403 [main] DEBUG jp.ac.titech.c.se.stein.core.RepositoryRewriter - Rewrite tree: 477f297ba89427fd9c1f457e1a0bc40751c487d4 -> 477f297ba89427fd9c1f457e1a0bc40751c487d4 (commit: "bf84dfceac990b1f2c15d70b69616366d5f36385")
14:48:37.404 [main] DEBUG jp.ac.titech.c.se.stein.core.RepositoryRewriter - Rewrite commit: bf84dfceac990b1f2c15d70b69616366d5f36385 -> bf84dfceac990b1f2c15d70b69616366d5f36385 
14:48:37.405 [main] DEBUG jp.ac.titech.c.se.stein.app.Clusterer - Substitute parents: [bf84dfceac990b1f2c15d70b69616366d5f36385] -> [bf84dfceac990b1f2c15d70b69616366d5f36385] (commit: "f6d01fdbd026f7db8b07b4bad7b9c61cd30a7224")
14:48:37.406 [main] DEBUG jp.ac.titech.c.se.stein.core.RepositoryRewriter - Rewrite tree: 3c9afb75f8d7a3d90b4987f218fa251dae343431 -> 3c9afb75f8d7a3d90b4987f218fa251dae343431 (commit: "f6d01fdbd026f7db8b07b4bad7b9c61cd30a7224")
14:48:37.407 [main] DEBUG jp.ac.titech.c.se.stein.core.RepositoryRewriter - Rewrite commit: f6d01fdbd026f7db8b07b4bad7b9c61cd30a7224 -> f6d01fdbd026f7db8b07b4bad7b9c61cd30a7224 
14:48:37.409 [main] DEBUG jp.ac.titech.c.se.stein.app.Clusterer - Substitute parents: [f6d01fdbd026f7db8b07b4bad7b9c61cd30a7224] -> [f6d01fdbd026f7db8b07b4bad7b9c61cd30a7224] (commit: "ddfd9595b119dbeca15b2daddb7643e0ff9f42b1")
14:48:37.410 [main] DEBUG jp.ac.titech.c.se.stein.core.RepositoryRewriter - Rewrite tree: 07ce9d8b54cc7abb70fcb12b336f1428209680a8 -> 07ce9d8b54cc7abb70fcb12b336f1428209680a8 (commit: "ddfd9595b119dbeca15b2daddb7643e0ff9f42b1")
14:48:37.411 [main] DEBUG jp.ac.titech.c.se.stein.core.RepositoryRewriter - Rewrite commit: ddfd9595b119dbeca15b2daddb7643e0ff9f42b1 -> ddfd9595b119dbeca15b2daddb7643e0ff9f42b1 
14:48:37.412 [main] DEBUG jp.ac.titech.c.se.stein.app.Clusterer - Substitute parents: [ddfd9595b119dbeca15b2daddb7643e0ff9f42b1] -> [ddfd9595b119dbeca15b2daddb7643e0ff9f42b1] (commit: "924fb5e93b575bdeb55f1f5c9ae6245ff5844776")
14:48:37.415 [main] DEBUG jp.ac.titech.c.se.stein.core.RepositoryRewriter - Rewrite tree: 19dbf58ca055925c1dd79e28757ed23c942b48c7 -> 19dbf58ca055925c1dd79e28757ed23c942b48c7 (commit: "924fb5e93b575bdeb55f1f5c9ae6245ff5844776")
14:48:37.415 [main] DEBUG jp.ac.titech.c.se.stein.core.RepositoryRewriter - Rewrite commit: 924fb5e93b575bdeb55f1f5c9ae6245ff5844776 -> 924fb5e93b575bdeb55f1f5c9ae6245ff5844776 
14:48:37.416 [main] DEBUG jp.ac.titech.c.se.stein.app.Clusterer - Substitute parents: [924fb5e93b575bdeb55f1f5c9ae6245ff5844776] -> [924fb5e93b575bdeb55f1f5c9ae6245ff5844776] (commit: "c971e736a05dacd1a61983d7fb0cc8e8bf8468d7")
14:48:37.419 [main] DEBUG jp.ac.titech.c.se.stein.core.RepositoryRewriter - Rewrite tree: 298fd4ecc8f18040b003083659e41c9f95478736 -> 298fd4ecc8f18040b003083659e41c9f95478736 (commit: "c971e736a05dacd1a61983d7fb0cc8e8bf8468d7")
14:48:37.421 [main] DEBUG jp.ac.titech.c.se.stein.core.RepositoryRewriter - Rewrite commit: c971e736a05dacd1a61983d7fb0cc8e8bf8468d7 -> c971e736a05dacd1a61983d7fb0cc8e8bf8468d7 
14:48:37.422 [main] DEBUG jp.ac.titech.c.se.stein.app.Clusterer - Substitute parents: [c971e736a05dacd1a61983d7fb0cc8e8bf8468d7] -> [c971e736a05dacd1a61983d7fb0cc8e8bf8468d7] (commit: "cd4dd13555917505ede1f0e7966bea2843a5d8af")
14:48:37.424 [main] DEBUG jp.ac.titech.c.se.stein.core.RepositoryRewriter - Rewrite tree: d41140803874d86eba59eafd0603b9323a370733 -> d41140803874d86eba59eafd0603b9323a370733 (commit: "cd4dd13555917505ede1f0e7966bea2843a5d8af")
14:48:37.425 [main] DEBUG jp.ac.titech.c.se.stein.core.RepositoryRewriter - Rewrite commit: cd4dd13555917505ede1f0e7966bea2843a5d8af -> cd4dd13555917505ede1f0e7966bea2843a5d8af 
14:48:37.426 [main] DEBUG jp.ac.titech.c.se.stein.app.Clusterer - Substitute parents: [cd4dd13555917505ede1f0e7966bea2843a5d8af] -> [cd4dd13555917505ede1f0e7966bea2843a5d8af] (commit: "0d3228455641804df4b0c05858ec3a4272df452c")
14:48:37.428 [main] DEBUG jp.ac.titech.c.se.stein.core.RepositoryRewriter - Rewrite tree: adb3f00014b86d380c846ad0a006ea5c29de640c -> adb3f00014b86d380c846ad0a006ea5c29de640c (commit: "0d3228455641804df4b0c05858ec3a4272df452c")
14:48:37.429 [main] DEBUG jp.ac.titech.c.se.stein.core.RepositoryRewriter - Rewrite commit: 0d3228455641804df4b0c05858ec3a4272df452c -> 0d3228455641804df4b0c05858ec3a4272df452c 
14:48:37.430 [main] DEBUG jp.ac.titech.c.se.stein.app.Clusterer - Substitute parents: [0d3228455641804df4b0c05858ec3a4272df452c] -> [0d3228455641804df4b0c05858ec3a4272df452c] (commit: "d316b4c5ae24011b48d6e8865e53ae5e6ab03dd9")
14:48:37.432 [main] DEBUG jp.ac.titech.c.se.stein.core.RepositoryRewriter - Rewrite tree: 378d8b220c2cbd4e7f3ca3e30ae1812226d1a996 -> 378d8b220c2cbd4e7f3ca3e30ae1812226d1a996 (commit: "d316b4c5ae24011b48d6e8865e53ae5e6ab03dd9")
14:48:37.433 [main] DEBUG jp.ac.titech.c.se.stein.core.RepositoryRewriter - Rewrite commit: d316b4c5ae24011b48d6e8865e53ae5e6ab03dd9 -> d316b4c5ae24011b48d6e8865e53ae5e6ab03dd9 
14:48:37.434 [main] DEBUG jp.ac.titech.c.se.stein.app.Clusterer - Substitute parents: [d316b4c5ae24011b48d6e8865e53ae5e6ab03dd9] -> [d316b4c5ae24011b48d6e8865e53ae5e6ab03dd9] (commit: "dbbeabebc96cc349f980a5f4f02b34189779b163")
14:48:37.443 [main] DEBUG jp.ac.titech.c.se.stein.core.RepositoryRewriter - Rewrite tree: 29826a82d119d6f390c2ff42c6474f4f28988a8c -> 29826a82d119d6f390c2ff42c6474f4f28988a8c (commit: "dbbeabebc96cc349f980a5f4f02b34189779b163")
14:48:37.444 [main] DEBUG jp.ac.titech.c.se.stein.core.RepositoryRewriter - Rewrite commit: dbbeabebc96cc349f980a5f4f02b34189779b163 -> dbbeabebc96cc349f980a5f4f02b34189779b163 
14:48:37.445 [main] DEBUG jp.ac.titech.c.se.stein.app.Clusterer - Substitute parents: [dbbeabebc96cc349f980a5f4f02b34189779b163] -> [dbbeabebc96cc349f980a5f4f02b34189779b163] (commit: "591e107f4e379dba9117505eccba1a0aa3efb339")
14:48:37.459 [main] DEBUG jp.ac.titech.c.se.stein.core.RepositoryRewriter - Rewrite tree: 4b06cebb008c576b4c1f57a4a7f26138f29b92f7 -> 4b06cebb008c576b4c1f57a4a7f26138f29b92f7 (commit: "591e107f4e379dba9117505eccba1a0aa3efb339")
14:48:37.460 [main] DEBUG jp.ac.titech.c.se.stein.core.RepositoryRewriter - Rewrite commit: 591e107f4e379dba9117505eccba1a0aa3efb339 -> 591e107f4e379dba9117505eccba1a0aa3efb339 
14:48:37.461 [main] DEBUG jp.ac.titech.c.se.stein.app.Clusterer - Substitute parents: [591e107f4e379dba9117505eccba1a0aa3efb339] -> [591e107f4e379dba9117505eccba1a0aa3efb339] (commit: "279c9b6a7a7fd4098a89099b55aef5c02ec24677")
14:48:37.463 [main] DEBUG jp.ac.titech.c.se.stein.core.RepositoryRewriter - Rewrite tree: b896f96f6ba8a55385cece1eba87fd92a4ab5120 -> b896f96f6ba8a55385cece1eba87fd92a4ab5120 (commit: "279c9b6a7a7fd4098a89099b55aef5c02ec24677")
14:48:37.464 [main] DEBUG jp.ac.titech.c.se.stein.core.RepositoryRewriter - Rewrite commit: 279c9b6a7a7fd4098a89099b55aef5c02ec24677 -> 279c9b6a7a7fd4098a89099b55aef5c02ec24677 
14:48:37.465 [main] DEBUG jp.ac.titech.c.se.stein.app.Clusterer - Substitute parents: [279c9b6a7a7fd4098a89099b55aef5c02ec24677] -> [279c9b6a7a7fd4098a89099b55aef5c02ec24677] (commit: "db5803eb033a3cc35ec200d19c0e438ffcc03e2a")
14:48:37.466 [main] DEBUG jp.ac.titech.c.se.stein.core.RepositoryRewriter - Rewrite tree: be51d1bf4e6a6987150e5d774374d0d1f42ad859 -> be51d1bf4e6a6987150e5d774374d0d1f42ad859 (commit: "db5803eb033a3cc35ec200d19c0e438ffcc03e2a")
14:48:37.467 [main] DEBUG jp.ac.titech.c.se.stein.core.RepositoryRewriter - Rewrite commit: db5803eb033a3cc35ec200d19c0e438ffcc03e2a -> db5803eb033a3cc35ec200d19c0e438ffcc03e2a 
14:48:37.468 [main] DEBUG jp.ac.titech.c.se.stein.app.Clusterer - Substitute parents: [db5803eb033a3cc35ec200d19c0e438ffcc03e2a] -> [db5803eb033a3cc35ec200d19c0e438ffcc03e2a] (commit: "4ce801c08642d8b347aafdc4abbe627a90740931")
14:48:37.470 [main] DEBUG jp.ac.titech.c.se.stein.core.RepositoryRewriter - Rewrite tree: 6dc7767d3a9ffe3227c41903237dc01090eb02df -> 6dc7767d3a9ffe3227c41903237dc01090eb02df (commit: "4ce801c08642d8b347aafdc4abbe627a90740931")
14:48:37.471 [main] DEBUG jp.ac.titech.c.se.stein.core.RepositoryRewriter - Rewrite commit: 4ce801c08642d8b347aafdc4abbe627a90740931 -> 4ce801c08642d8b347aafdc4abbe627a90740931 
14:48:37.472 [main] DEBUG jp.ac.titech.c.se.stein.app.Clusterer - Substitute parents: [4ce801c08642d8b347aafdc4abbe627a90740931] -> [4ce801c08642d8b347aafdc4abbe627a90740931] (commit: "d2a6395d4858da07e9093a0f9a62e543e37c4b3f")
14:48:37.474 [main] DEBUG jp.ac.titech.c.se.stein.core.RepositoryRewriter - Rewrite tree: 2ddab095834c3cb8e3cdd1f26384e5bccfd4531c -> 2ddab095834c3cb8e3cdd1f26384e5bccfd4531c (commit: "d2a6395d4858da07e9093a0f9a62e543e37c4b3f")
14:48:37.475 [main] DEBUG jp.ac.titech.c.se.stein.core.RepositoryRewriter - Rewrite commit: d2a6395d4858da07e9093a0f9a62e543e37c4b3f -> d2a6395d4858da07e9093a0f9a62e543e37c4b3f 
14:48:37.475 [main] DEBUG jp.ac.titech.c.se.stein.app.Clusterer - Substitute parents: [d2a6395d4858da07e9093a0f9a62e543e37c4b3f] -> [d2a6395d4858da07e9093a0f9a62e543e37c4b3f] (commit: "a6b436beb62b52854afd43e7efff9143b8751f39")
14:48:37.478 [main] DEBUG jp.ac.titech.c.se.stein.core.RepositoryRewriter - Rewrite tree: 3e6a460170f8d5a9ed254852d9650d6cc3552ce1 -> 3e6a460170f8d5a9ed254852d9650d6cc3552ce1 (commit: "a6b436beb62b52854afd43e7efff9143b8751f39")
14:48:37.479 [main] DEBUG jp.ac.titech.c.se.stein.core.RepositoryRewriter - Rewrite commit: a6b436beb62b52854afd43e7efff9143b8751f39 -> a6b436beb62b52854afd43e7efff9143b8751f39 
14:48:37.480 [main] DEBUG jp.ac.titech.c.se.stein.app.Clusterer - Substitute parents: [a6b436beb62b52854afd43e7efff9143b8751f39] -> [a6b436beb62b52854afd43e7efff9143b8751f39] (commit: "b0aed604b451f234232c8d452ddb20dd754cb230")
14:48:37.482 [main] DEBUG jp.ac.titech.c.se.stein.core.RepositoryRewriter - Rewrite tree: f08684613fd3b95d015fff4bc4f2d725cf2d32b8 -> f08684613fd3b95d015fff4bc4f2d725cf2d32b8 (commit: "b0aed604b451f234232c8d452ddb20dd754cb230")
14:48:37.483 [main] DEBUG jp.ac.titech.c.se.stein.core.RepositoryRewriter - Rewrite commit: b0aed604b451f234232c8d452ddb20dd754cb230 -> b0aed604b451f234232c8d452ddb20dd754cb230 
14:48:37.484 [main] DEBUG jp.ac.titech.c.se.stein.app.Clusterer - Substitute parents: [b0aed604b451f234232c8d452ddb20dd754cb230] -> [b0aed604b451f234232c8d452ddb20dd754cb230] (commit: "6a52f2dadf7f5f11878c23c9bf4b263e49a1186c")
14:48:37.486 [main] DEBUG jp.ac.titech.c.se.stein.core.RepositoryRewriter - Rewrite tree: 0223271f262b5c4a15aa81d8ccedcd67c1b7f734 -> 0223271f262b5c4a15aa81d8ccedcd67c1b7f734 (commit: "6a52f2dadf7f5f11878c23c9bf4b263e49a1186c")
14:48:37.487 [main] DEBUG jp.ac.titech.c.se.stein.core.RepositoryRewriter - Rewrite commit: 6a52f2dadf7f5f11878c23c9bf4b263e49a1186c -> 6a52f2dadf7f5f11878c23c9bf4b263e49a1186c 
14:48:37.488 [main] DEBUG jp.ac.titech.c.se.stein.app.Clusterer - Substitute parents: [6a52f2dadf7f5f11878c23c9bf4b263e49a1186c] -> [6a52f2dadf7f5f11878c23c9bf4b263e49a1186c] (commit: "9b1c586398bd85f1a36692d4ec2186a3ae82ac03")
14:48:37.490 [main] DEBUG jp.ac.titech.c.se.stein.core.RepositoryRewriter - Rewrite tree: 755a2f65655ec069de7084008033b9cdf094fb1d -> 755a2f65655ec069de7084008033b9cdf094fb1d (commit: "9b1c586398bd85f1a36692d4ec2186a3ae82ac03")
14:48:37.491 [main] DEBUG jp.ac.titech.c.se.stein.core.RepositoryRewriter - Rewrite commit: 9b1c586398bd85f1a36692d4ec2186a3ae82ac03 -> 9b1c586398bd85f1a36692d4ec2186a3ae82ac03 
14:48:37.492 [main] DEBUG jp.ac.titech.c.se.stein.app.Clusterer - Substitute parents: [9b1c586398bd85f1a36692d4ec2186a3ae82ac03] -> [9b1c586398bd85f1a36692d4ec2186a3ae82ac03] (commit: "1f4f087d7e3509708f5756566619375f5ecc67f1")
14:48:37.494 [main] DEBUG jp.ac.titech.c.se.stein.core.RepositoryRewriter - Rewrite tree: 1f964bb939d019d95417a16bedf37c4271a66487 -> 1f964bb939d019d95417a16bedf37c4271a66487 (commit: "1f4f087d7e3509708f5756566619375f5ecc67f1")
14:48:37.495 [main] DEBUG jp.ac.titech.c.se.stein.core.RepositoryRewriter - Rewrite commit: 1f4f087d7e3509708f5756566619375f5ecc67f1 -> 1f4f087d7e3509708f5756566619375f5ecc67f1 
14:48:37.495 [main] DEBUG jp.ac.titech.c.se.stein.app.Clusterer - Substitute parents: [1f4f087d7e3509708f5756566619375f5ecc67f1] -> [1f4f087d7e3509708f5756566619375f5ecc67f1] (commit: "3f7b80bdebfc8aad7e70f9bb1544aafc1449f156")
14:48:37.498 [main] DEBUG jp.ac.titech.c.se.stein.core.RepositoryRewriter - Rewrite tree: d9e3efbd139fb9f67dde5b8f0107abdb997339ae -> d9e3efbd139fb9f67dde5b8f0107abdb997339ae (commit: "3f7b80bdebfc8aad7e70f9bb1544aafc1449f156")
14:48:37.499 [main] DEBUG jp.ac.titech.c.se.stein.core.RepositoryRewriter - Rewrite commit: 3f7b80bdebfc8aad7e70f9bb1544aafc1449f156 -> 3f7b80bdebfc8aad7e70f9bb1544aafc1449f156 
14:48:37.500 [main] DEBUG jp.ac.titech.c.se.stein.app.Clusterer - Substitute parents: [3f7b80bdebfc8aad7e70f9bb1544aafc1449f156] -> [3f7b80bdebfc8aad7e70f9bb1544aafc1449f156] (commit: "6aadcbe036b535732ef54f49cebc6498eb3f2d62")
14:48:37.516 [main] DEBUG jp.ac.titech.c.se.stein.core.RepositoryRewriter - Rewrite tree: 3d25d5ef9dde7866e5d28054ab81f71afa9b02f2 -> 3d25d5ef9dde7866e5d28054ab81f71afa9b02f2 (commit: "6aadcbe036b535732ef54f49cebc6498eb3f2d62")
14:48:37.517 [main] DEBUG jp.ac.titech.c.se.stein.core.RepositoryRewriter - Rewrite commit: 6aadcbe036b535732ef54f49cebc6498eb3f2d62 -> 6aadcbe036b535732ef54f49cebc6498eb3f2d62 
14:48:37.518 [main] DEBUG jp.ac.titech.c.se.stein.app.Clusterer - Substitute parents: [6aadcbe036b535732ef54f49cebc6498eb3f2d62] -> [6aadcbe036b535732ef54f49cebc6498eb3f2d62] (commit: "611718c4ec38e4b5531f9d9c79a301592aad393b")
14:48:37.520 [main] DEBUG jp.ac.titech.c.se.stein.core.RepositoryRewriter - Rewrite tree: 5e849a1c40a5c2d44093ee50b2cf4eb525eae78e -> 5e849a1c40a5c2d44093ee50b2cf4eb525eae78e (commit: "611718c4ec38e4b5531f9d9c79a301592aad393b")
14:48:37.521 [main] DEBUG jp.ac.titech.c.se.stein.core.RepositoryRewriter - Rewrite commit: 611718c4ec38e4b5531f9d9c79a301592aad393b -> 611718c4ec38e4b5531f9d9c79a301592aad393b 
14:48:37.522 [main] DEBUG jp.ac.titech.c.se.stein.app.Clusterer - Substitute parents: [611718c4ec38e4b5531f9d9c79a301592aad393b] -> [611718c4ec38e4b5531f9d9c79a301592aad393b] (commit: "08f6e45c7cef622395da6e03832aaa66f48a21e3")
14:48:37.523 [main] DEBUG jp.ac.titech.c.se.stein.core.RepositoryRewriter - Rewrite tree: 9f8da0ce5e66986378733ba1d80ea24354245685 -> 9f8da0ce5e66986378733ba1d80ea24354245685 (commit: "08f6e45c7cef622395da6e03832aaa66f48a21e3")
14:48:37.524 [main] DEBUG jp.ac.titech.c.se.stein.core.RepositoryRewriter - Rewrite commit: 08f6e45c7cef622395da6e03832aaa66f48a21e3 -> 08f6e45c7cef622395da6e03832aaa66f48a21e3 
14:48:37.525 [main] DEBUG jp.ac.titech.c.se.stein.app.Clusterer - Substitute parents: [08f6e45c7cef622395da6e03832aaa66f48a21e3] -> [08f6e45c7cef622395da6e03832aaa66f48a21e3] (commit: "014f22df9ea53c61111fa935eb108ad3103eae72")
14:48:37.535 [main] DEBUG jp.ac.titech.c.se.stein.core.RepositoryRewriter - Rewrite tree: e5229b094665929b50caee3884e4becf0cfa132f -> e5229b094665929b50caee3884e4becf0cfa132f (commit: "014f22df9ea53c61111fa935eb108ad3103eae72")
14:48:37.535 [main] DEBUG jp.ac.titech.c.se.stein.core.RepositoryRewriter - Rewrite commit: 014f22df9ea53c61111fa935eb108ad3103eae72 -> 014f22df9ea53c61111fa935eb108ad3103eae72 
14:48:37.536 [main] DEBUG jp.ac.titech.c.se.stein.app.Clusterer - Substitute parents: [014f22df9ea53c61111fa935eb108ad3103eae72] -> [014f22df9ea53c61111fa935eb108ad3103eae72] (commit: "2ae0e5fae09cb0cf4127a5528b21de0e7b2cf60d")
14:48:37.546 [main] DEBUG jp.ac.titech.c.se.stein.core.RepositoryRewriter - Rewrite tree: bb46ed0126406fb407133724066d352a7cefde82 -> bb46ed0126406fb407133724066d352a7cefde82 (commit: "2ae0e5fae09cb0cf4127a5528b21de0e7b2cf60d")
14:48:37.547 [main] DEBUG jp.ac.titech.c.se.stein.core.RepositoryRewriter - Rewrite commit: 2ae0e5fae09cb0cf4127a5528b21de0e7b2cf60d -> 2ae0e5fae09cb0cf4127a5528b21de0e7b2cf60d 
14:48:37.548 [main] DEBUG jp.ac.titech.c.se.stein.app.Clusterer - Substitute parents: [2ae0e5fae09cb0cf4127a5528b21de0e7b2cf60d] -> [2ae0e5fae09cb0cf4127a5528b21de0e7b2cf60d] (commit: "9ce3ceb6f4f13ff016ee6c7e24ca6a38eb1c189f")
14:48:37.567 [main] DEBUG jp.ac.titech.c.se.stein.core.RepositoryRewriter - Rewrite tree: 21e99ec6a6b3b42c66c3b54d5d954c7aebf52fa2 -> 21e99ec6a6b3b42c66c3b54d5d954c7aebf52fa2 (commit: "9ce3ceb6f4f13ff016ee6c7e24ca6a38eb1c189f")
14:48:37.568 [main] DEBUG jp.ac.titech.c.se.stein.core.RepositoryRewriter - Rewrite commit: 9ce3ceb6f4f13ff016ee6c7e24ca6a38eb1c189f -> 9ce3ceb6f4f13ff016ee6c7e24ca6a38eb1c189f 
14:48:37.569 [main] DEBUG jp.ac.titech.c.se.stein.app.Clusterer - Substitute parents: [9ce3ceb6f4f13ff016ee6c7e24ca6a38eb1c189f] -> [9ce3ceb6f4f13ff016ee6c7e24ca6a38eb1c189f] (commit: "bc1e3a636e2d890e8af31da57de445109f53593d")
14:48:37.570 [main] DEBUG jp.ac.titech.c.se.stein.core.RepositoryRewriter - Rewrite tree: 7c41da5698f4832a05413be90b216bc1a544d2eb -> 7c41da5698f4832a05413be90b216bc1a544d2eb (commit: "bc1e3a636e2d890e8af31da57de445109f53593d")
14:48:37.572 [main] DEBUG jp.ac.titech.c.se.stein.core.RepositoryRewriter - Rewrite commit: bc1e3a636e2d890e8af31da57de445109f53593d -> bc1e3a636e2d890e8af31da57de445109f53593d 
14:48:37.572 [main] DEBUG jp.ac.titech.c.se.stein.app.Clusterer - Substitute parents: [bc1e3a636e2d890e8af31da57de445109f53593d] -> [bc1e3a636e2d890e8af31da57de445109f53593d] (commit: "04745a3fbc7d01be05695880461356dadf7d7422")
14:48:37.575 [main] DEBUG jp.ac.titech.c.se.stein.core.RepositoryRewriter - Rewrite tree: 5ac57301feb2e1acdb76d3cab6368cad4f143781 -> 5ac57301feb2e1acdb76d3cab6368cad4f143781 (commit: "04745a3fbc7d01be05695880461356dadf7d7422")
14:48:37.576 [main] DEBUG jp.ac.titech.c.se.stein.core.RepositoryRewriter - Rewrite commit: 04745a3fbc7d01be05695880461356dadf7d7422 -> 04745a3fbc7d01be05695880461356dadf7d7422 
14:48:37.578 [main] DEBUG jp.ac.titech.c.se.stein.app.Clusterer - Substitute parents: [04745a3fbc7d01be05695880461356dadf7d7422] -> [04745a3fbc7d01be05695880461356dadf7d7422] (commit: "da0e4dc551edf17fb6d2256c705c857ca6d5a451")
14:48:37.608 [main] DEBUG jp.ac.titech.c.se.stein.core.RepositoryRewriter - Rewrite tree: d186e7dd2a0a4fe2b2988aaf1c1562864a7fdd7e -> d186e7dd2a0a4fe2b2988aaf1c1562864a7fdd7e (commit: "da0e4dc551edf17fb6d2256c705c857ca6d5a451")
14:48:37.609 [main] DEBUG jp.ac.titech.c.se.stein.core.RepositoryRewriter - Rewrite commit: da0e4dc551edf17fb6d2256c705c857ca6d5a451 -> da0e4dc551edf17fb6d2256c705c857ca6d5a451 
14:48:37.611 [main] DEBUG jp.ac.titech.c.se.stein.app.Clusterer - Substitute parents: [da0e4dc551edf17fb6d2256c705c857ca6d5a451] -> [da0e4dc551edf17fb6d2256c705c857ca6d5a451] (commit: "49acafb88bf30a17ee15b2e8c105f02799e5a5f1")
14:48:37.623 [main] DEBUG jp.ac.titech.c.se.stein.core.RepositoryRewriter - Rewrite tree: 90d69a2a5bbfd2ebc7f3ec242c2fadd007298dcf -> 90d69a2a5bbfd2ebc7f3ec242c2fadd007298dcf (commit: "49acafb88bf30a17ee15b2e8c105f02799e5a5f1")
14:48:37.624 [main] DEBUG jp.ac.titech.c.se.stein.core.RepositoryRewriter - Rewrite commit: 49acafb88bf30a17ee15b2e8c105f02799e5a5f1 -> 49acafb88bf30a17ee15b2e8c105f02799e5a5f1 
14:48:37.626 [main] DEBUG jp.ac.titech.c.se.stein.app.Clusterer - Substitute parents: [49acafb88bf30a17ee15b2e8c105f02799e5a5f1] -> [49acafb88bf30a17ee15b2e8c105f02799e5a5f1] (commit: "b66eeb59a6d3085fc48bc27fd8872b84b09e49ae")
14:48:37.628 [main] DEBUG jp.ac.titech.c.se.stein.core.RepositoryRewriter - Rewrite tree: ce0a68b84cdc2c148d246f871e15bc1a818ff990 -> ce0a68b84cdc2c148d246f871e15bc1a818ff990 (commit: "b66eeb59a6d3085fc48bc27fd8872b84b09e49ae")
14:48:37.629 [main] DEBUG jp.ac.titech.c.se.stein.core.RepositoryRewriter - Rewrite commit: b66eeb59a6d3085fc48bc27fd8872b84b09e49ae -> b66eeb59a6d3085fc48bc27fd8872b84b09e49ae 
14:48:37.630 [main] DEBUG jp.ac.titech.c.se.stein.app.Clusterer - Substitute parents: [b66eeb59a6d3085fc48bc27fd8872b84b09e49ae] -> [b66eeb59a6d3085fc48bc27fd8872b84b09e49ae] (commit: "201518d9f4e8943646bbf598afd0f64e2b1dfc02")
14:48:37.641 [main] DEBUG jp.ac.titech.c.se.stein.core.RepositoryRewriter - Rewrite tree: bee13f1e6e0c8d1ba8b76892c7a7052347f9e976 -> bee13f1e6e0c8d1ba8b76892c7a7052347f9e976 (commit: "201518d9f4e8943646bbf598afd0f64e2b1dfc02")
14:48:37.641 [main] DEBUG jp.ac.titech.c.se.stein.core.RepositoryRewriter - Rewrite commit: 201518d9f4e8943646bbf598afd0f64e2b1dfc02 -> 201518d9f4e8943646bbf598afd0f64e2b1dfc02 
14:48:37.642 [main] DEBUG jp.ac.titech.c.se.stein.app.Clusterer - Substitute parents: [201518d9f4e8943646bbf598afd0f64e2b1dfc02] -> [201518d9f4e8943646bbf598afd0f64e2b1dfc02] (commit: "b3fa0642173516c5d7add7d929ab6351735ff46b")
14:48:37.649 [main] DEBUG jp.ac.titech.c.se.stein.core.RepositoryRewriter - Rewrite tree: 122868e344cb5e089029a6d570ddc229a1962375 -> 122868e344cb5e089029a6d570ddc229a1962375 (commit: "b3fa0642173516c5d7add7d929ab6351735ff46b")
14:48:37.650 [main] DEBUG jp.ac.titech.c.se.stein.core.RepositoryRewriter - Rewrite commit: b3fa0642173516c5d7add7d929ab6351735ff46b -> b3fa0642173516c5d7add7d929ab6351735ff46b 
14:48:37.651 [main] DEBUG jp.ac.titech.c.se.stein.app.Clusterer - Substitute parents: [b3fa0642173516c5d7add7d929ab6351735ff46b] -> [b3fa0642173516c5d7add7d929ab6351735ff46b] (commit: "5b91a2d976915a0437913c0c5bcfe0d60024c722")
14:48:37.652 [main] DEBUG jp.ac.titech.c.se.stein.core.RepositoryRewriter - Rewrite tree: a18c8b2c826585ef9a52d6168fee6320037f7db4 -> a18c8b2c826585ef9a52d6168fee6320037f7db4 (commit: "5b91a2d976915a0437913c0c5bcfe0d60024c722")
14:48:37.653 [main] DEBUG jp.ac.titech.c.se.stein.core.RepositoryRewriter - Rewrite commit: 5b91a2d976915a0437913c0c5bcfe0d60024c722 -> 5b91a2d976915a0437913c0c5bcfe0d60024c722 
14:48:37.654 [main] DEBUG jp.ac.titech.c.se.stein.app.Clusterer - Substitute parents: [5b91a2d976915a0437913c0c5bcfe0d60024c722] -> [5b91a2d976915a0437913c0c5bcfe0d60024c722] (commit: "899125ee0933c3c816ca9cb98beab871b179da39")
14:48:37.655 [main] DEBUG jp.ac.titech.c.se.stein.core.RepositoryRewriter - Rewrite tree: 7a4a2471423c96297e9dc8973736f395ae007ec5 -> 7a4a2471423c96297e9dc8973736f395ae007ec5 (commit: "899125ee0933c3c816ca9cb98beab871b179da39")
14:48:37.656 [main] DEBUG jp.ac.titech.c.se.stein.core.RepositoryRewriter - Rewrite commit: 899125ee0933c3c816ca9cb98beab871b179da39 -> 899125ee0933c3c816ca9cb98beab871b179da39 
14:48:37.657 [main] DEBUG jp.ac.titech.c.se.stein.app.Clusterer - Substitute parents: [899125ee0933c3c816ca9cb98beab871b179da39] -> [899125ee0933c3c816ca9cb98beab871b179da39] (commit: "aa4edc04101ae77361fb9ea3d7aa0d7b973c8f39")
14:48:37.658 [main] DEBUG jp.ac.titech.c.se.stein.core.RepositoryRewriter - Rewrite tree: 5e64d2e3e373bd93e378ebaa071bb691028cd76d -> 5e64d2e3e373bd93e378ebaa071bb691028cd76d (commit: "aa4edc04101ae77361fb9ea3d7aa0d7b973c8f39")
14:48:37.659 [main] DEBUG jp.ac.titech.c.se.stein.core.RepositoryRewriter - Rewrite commit: aa4edc04101ae77361fb9ea3d7aa0d7b973c8f39 -> aa4edc04101ae77361fb9ea3d7aa0d7b973c8f39 
14:48:37.659 [main] DEBUG jp.ac.titech.c.se.stein.app.Clusterer - Substitute parents: [aa4edc04101ae77361fb9ea3d7aa0d7b973c8f39] -> [aa4edc04101ae77361fb9ea3d7aa0d7b973c8f39] (commit: "438e378dd87b966665be1f10bfd5e171974141b8")
14:48:37.661 [main] DEBUG jp.ac.titech.c.se.stein.core.RepositoryRewriter - Rewrite tree: f71f37a6645ef9c7a42c4c37f7a2bc0e134f006d -> f71f37a6645ef9c7a42c4c37f7a2bc0e134f006d (commit: "438e378dd87b966665be1f10bfd5e171974141b8")
14:48:37.662 [main] DEBUG jp.ac.titech.c.se.stein.core.RepositoryRewriter - Rewrite commit: 438e378dd87b966665be1f10bfd5e171974141b8 -> 438e378dd87b966665be1f10bfd5e171974141b8 
14:48:37.662 [main] DEBUG jp.ac.titech.c.se.stein.app.Clusterer - Substitute parents: [438e378dd87b966665be1f10bfd5e171974141b8] -> [438e378dd87b966665be1f10bfd5e171974141b8] (commit: "5510d515a7105853c6346c909a47f60a39f8f034")
14:48:37.664 [main] DEBUG jp.ac.titech.c.se.stein.core.RepositoryRewriter - Rewrite tree: 4c80bfe29d0312bddd5da76367c409a97725b023 -> 4c80bfe29d0312bddd5da76367c409a97725b023 (commit: "5510d515a7105853c6346c909a47f60a39f8f034")
14:48:37.665 [main] DEBUG jp.ac.titech.c.se.stein.core.RepositoryRewriter - Rewrite commit: 5510d515a7105853c6346c909a47f60a39f8f034 -> 5510d515a7105853c6346c909a47f60a39f8f034 
14:48:37.666 [main] DEBUG jp.ac.titech.c.se.stein.app.Clusterer - Substitute parents: [5510d515a7105853c6346c909a47f60a39f8f034] -> [5510d515a7105853c6346c909a47f60a39f8f034] (commit: "b683a6336a1e2e8482209db98c8f3b3517e9d925")
14:48:37.667 [main] DEBUG jp.ac.titech.c.se.stein.core.RepositoryRewriter - Rewrite tree: 6524ea82dc60405bf4476a93e20eab0ca032e472 -> 6524ea82dc60405bf4476a93e20eab0ca032e472 (commit: "b683a6336a1e2e8482209db98c8f3b3517e9d925")
14:48:37.668 [main] DEBUG jp.ac.titech.c.se.stein.core.RepositoryRewriter - Rewrite commit: b683a6336a1e2e8482209db98c8f3b3517e9d925 -> b683a6336a1e2e8482209db98c8f3b3517e9d925 
14:48:37.669 [main] DEBUG jp.ac.titech.c.se.stein.app.Clusterer - Substitute parents: [b683a6336a1e2e8482209db98c8f3b3517e9d925] -> [b683a6336a1e2e8482209db98c8f3b3517e9d925] (commit: "a339f96cb7b7b64127b213ea443fc64d23807dc6")
14:48:37.670 [main] DEBUG jp.ac.titech.c.se.stein.core.RepositoryRewriter - Rewrite tree: 5292ad8fa001bbac097eb39156bcd5fb91e0b14b -> 5292ad8fa001bbac097eb39156bcd5fb91e0b14b (commit: "a339f96cb7b7b64127b213ea443fc64d23807dc6")
14:48:37.671 [main] DEBUG jp.ac.titech.c.se.stein.core.RepositoryRewriter - Rewrite commit: a339f96cb7b7b64127b213ea443fc64d23807dc6 -> a339f96cb7b7b64127b213ea443fc64d23807dc6 
14:48:37.672 [main] DEBUG jp.ac.titech.c.se.stein.app.Clusterer - Substitute parents: [a339f96cb7b7b64127b213ea443fc64d23807dc6] -> [a339f96cb7b7b64127b213ea443fc64d23807dc6] (commit: "5d2be4a7db318523b7c7ebf604a5ee00d851288c")
14:48:37.674 [main] DEBUG jp.ac.titech.c.se.stein.core.RepositoryRewriter - Rewrite tree: 26be8c86ecfed61a2fb78a48960835f4684dda8b -> 26be8c86ecfed61a2fb78a48960835f4684dda8b (commit: "5d2be4a7db318523b7c7ebf604a5ee00d851288c")
14:48:37.674 [main] DEBUG jp.ac.titech.c.se.stein.core.RepositoryRewriter - Rewrite commit: 5d2be4a7db318523b7c7ebf604a5ee00d851288c -> 5d2be4a7db318523b7c7ebf604a5ee00d851288c 
14:48:37.675 [main] DEBUG jp.ac.titech.c.se.stein.app.Clusterer - Substitute parents: [5d2be4a7db318523b7c7ebf604a5ee00d851288c] -> [5d2be4a7db318523b7c7ebf604a5ee00d851288c] (commit: "b223a1b8b91a03deab1dad8aae9c209e9232f455")
14:48:37.677 [main] DEBUG jp.ac.titech.c.se.stein.core.RepositoryRewriter - Rewrite tree: a7bc27767546bbeb1649c4683bcaa853da56de5a -> a7bc27767546bbeb1649c4683bcaa853da56de5a (commit: "b223a1b8b91a03deab1dad8aae9c209e9232f455")
14:48:37.677 [main] DEBUG jp.ac.titech.c.se.stein.core.RepositoryRewriter - Rewrite commit: b223a1b8b91a03deab1dad8aae9c209e9232f455 -> b223a1b8b91a03deab1dad8aae9c209e9232f455 
14:48:37.678 [main] DEBUG jp.ac.titech.c.se.stein.app.Clusterer - Substitute parents: [b223a1b8b91a03deab1dad8aae9c209e9232f455] -> [b223a1b8b91a03deab1dad8aae9c209e9232f455] (commit: "b11ad6e600d5262e0c78f524062748acc50731cb")
14:48:37.679 [main] DEBUG jp.ac.titech.c.se.stein.core.RepositoryRewriter - Rewrite tree: 3f5cd538b401a8b691a41c619329b2b45ff2520b -> 3f5cd538b401a8b691a41c619329b2b45ff2520b (commit: "b11ad6e600d5262e0c78f524062748acc50731cb")
14:48:37.680 [main] DEBUG jp.ac.titech.c.se.stein.core.RepositoryRewriter - Rewrite commit: b11ad6e600d5262e0c78f524062748acc50731cb -> b11ad6e600d5262e0c78f524062748acc50731cb 
14:48:37.681 [main] DEBUG jp.ac.titech.c.se.stein.app.Clusterer - Substitute parents: [b11ad6e600d5262e0c78f524062748acc50731cb] -> [b11ad6e600d5262e0c78f524062748acc50731cb] (commit: "2a19fd75b2e83176a829c2a532028a4adb001c8d")
14:48:37.683 [main] DEBUG jp.ac.titech.c.se.stein.core.RepositoryRewriter - Rewrite tree: 5bf89161683d76c0d514003a89820eeef605b494 -> 5bf89161683d76c0d514003a89820eeef605b494 (commit: "2a19fd75b2e83176a829c2a532028a4adb001c8d")
14:48:37.684 [main] DEBUG jp.ac.titech.c.se.stein.core.RepositoryRewriter - Rewrite commit: 2a19fd75b2e83176a829c2a532028a4adb001c8d -> 2a19fd75b2e83176a829c2a532028a4adb001c8d 
14:48:37.684 [main] DEBUG jp.ac.titech.c.se.stein.app.Clusterer - Substitute parents: [2a19fd75b2e83176a829c2a532028a4adb001c8d] -> [2a19fd75b2e83176a829c2a532028a4adb001c8d] (commit: "71bdeda364ece356698067308d8fa9cd24229964")
14:48:37.687 [main] DEBUG jp.ac.titech.c.se.stein.core.RepositoryRewriter - Rewrite tree: 62e88ab0e79ee64ea4c0c9605b0ef74b57dcac0e -> 62e88ab0e79ee64ea4c0c9605b0ef74b57dcac0e (commit: "71bdeda364ece356698067308d8fa9cd24229964")
14:48:37.688 [main] DEBUG jp.ac.titech.c.se.stein.core.RepositoryRewriter - Rewrite commit: 71bdeda364ece356698067308d8fa9cd24229964 -> 71bdeda364ece356698067308d8fa9cd24229964 
14:48:37.689 [main] DEBUG jp.ac.titech.c.se.stein.app.Clusterer - Substitute parents: [71bdeda364ece356698067308d8fa9cd24229964] -> [71bdeda364ece356698067308d8fa9cd24229964] (commit: "82fb04e90a5f5839e711cc432c8aa9b57e7ff1c7")
14:48:37.690 [main] DEBUG jp.ac.titech.c.se.stein.core.RepositoryRewriter - Rewrite tree: bf93572d16751c932219296e95781e1354d3943b -> bf93572d16751c932219296e95781e1354d3943b (commit: "82fb04e90a5f5839e711cc432c8aa9b57e7ff1c7")
14:48:37.691 [main] DEBUG jp.ac.titech.c.se.stein.core.RepositoryRewriter - Rewrite commit: 82fb04e90a5f5839e711cc432c8aa9b57e7ff1c7 -> 82fb04e90a5f5839e711cc432c8aa9b57e7ff1c7 
14:48:37.691 [main] DEBUG jp.ac.titech.c.se.stein.app.Clusterer - Substitute parents: [82fb04e90a5f5839e711cc432c8aa9b57e7ff1c7] -> [82fb04e90a5f5839e711cc432c8aa9b57e7ff1c7] (commit: "20ce38440bf6ad12b81f047593edcbe06fd78e08")
14:48:37.693 [main] DEBUG jp.ac.titech.c.se.stein.core.RepositoryRewriter - Rewrite tree: 07ed5f69617b456a3563f337ee26e5f3d10415de -> 07ed5f69617b456a3563f337ee26e5f3d10415de (commit: "20ce38440bf6ad12b81f047593edcbe06fd78e08")
14:48:37.694 [main] DEBUG jp.ac.titech.c.se.stein.core.RepositoryRewriter - Rewrite commit: 20ce38440bf6ad12b81f047593edcbe06fd78e08 -> 20ce38440bf6ad12b81f047593edcbe06fd78e08 
14:48:37.694 [main] DEBUG jp.ac.titech.c.se.stein.app.Clusterer - Substitute parents: [20ce38440bf6ad12b81f047593edcbe06fd78e08] -> [20ce38440bf6ad12b81f047593edcbe06fd78e08] (commit: "67b03aa9566612a89259c21a2ef3f0808feea6a9")
14:48:37.696 [main] DEBUG jp.ac.titech.c.se.stein.core.RepositoryRewriter - Rewrite tree: 406050dbf33bd8111bdc6ec517cfe188413a6d36 -> 406050dbf33bd8111bdc6ec517cfe188413a6d36 (commit: "67b03aa9566612a89259c21a2ef3f0808feea6a9")
14:48:37.697 [main] DEBUG jp.ac.titech.c.se.stein.core.RepositoryRewriter - Rewrite commit: 67b03aa9566612a89259c21a2ef3f0808feea6a9 -> 67b03aa9566612a89259c21a2ef3f0808feea6a9 
14:48:37.698 [main] DEBUG jp.ac.titech.c.se.stein.app.Clusterer - Substitute parents: [67b03aa9566612a89259c21a2ef3f0808feea6a9] -> [67b03aa9566612a89259c21a2ef3f0808feea6a9] (commit: "77fe2c7f296ef1dfc864eed92156ea29343d0cdd")
14:48:37.700 [main] DEBUG jp.ac.titech.c.se.stein.core.RepositoryRewriter - Rewrite tree: 610a2439db51438936e3a0416600ca4687de6b5d -> 610a2439db51438936e3a0416600ca4687de6b5d (commit: "77fe2c7f296ef1dfc864eed92156ea29343d0cdd")
14:48:37.700 [main] DEBUG jp.ac.titech.c.se.stein.core.RepositoryRewriter - Rewrite commit: 77fe2c7f296ef1dfc864eed92156ea29343d0cdd -> 77fe2c7f296ef1dfc864eed92156ea29343d0cdd 
14:48:37.701 [main] DEBUG jp.ac.titech.c.se.stein.app.Clusterer - Substitute parents: [77fe2c7f296ef1dfc864eed92156ea29343d0cdd] -> [77fe2c7f296ef1dfc864eed92156ea29343d0cdd] (commit: "9969f2b160dd51e15d83ecadf3713409cae45015")
14:48:37.703 [main] DEBUG jp.ac.titech.c.se.stein.core.RepositoryRewriter - Rewrite tree: bfacb97abcfa6849f63dc7fc1d6c276af9eaf7af -> bfacb97abcfa6849f63dc7fc1d6c276af9eaf7af (commit: "9969f2b160dd51e15d83ecadf3713409cae45015")
14:48:37.703 [main] DEBUG jp.ac.titech.c.se.stein.core.RepositoryRewriter - Rewrite commit: 9969f2b160dd51e15d83ecadf3713409cae45015 -> 9969f2b160dd51e15d83ecadf3713409cae45015 
14:48:37.704 [main] DEBUG jp.ac.titech.c.se.stein.app.Clusterer - Substitute parents: [9969f2b160dd51e15d83ecadf3713409cae45015] -> [9969f2b160dd51e15d83ecadf3713409cae45015] (commit: "15fe30711ecb6094ebd8dd4be6b69b43292d9bd4")
14:48:37.706 [main] DEBUG jp.ac.titech.c.se.stein.core.RepositoryRewriter - Rewrite tree: 404ef8b90be09145cd4592135483f98294b4edc4 -> 404ef8b90be09145cd4592135483f98294b4edc4 (commit: "15fe30711ecb6094ebd8dd4be6b69b43292d9bd4")
14:48:37.706 [main] DEBUG jp.ac.titech.c.se.stein.core.RepositoryRewriter - Rewrite commit: 15fe30711ecb6094ebd8dd4be6b69b43292d9bd4 -> 15fe30711ecb6094ebd8dd4be6b69b43292d9bd4 
14:48:37.707 [main] DEBUG jp.ac.titech.c.se.stein.app.Clusterer - Substitute parents: [15fe30711ecb6094ebd8dd4be6b69b43292d9bd4] -> [15fe30711ecb6094ebd8dd4be6b69b43292d9bd4] (commit: "271a445a97ae4773086e17612eadbd1fc90446c2")
14:48:37.708 [main] DEBUG jp.ac.titech.c.se.stein.core.RepositoryRewriter - Rewrite tree: e990b18997ebd11d4208142776b523d98f59b038 -> e990b18997ebd11d4208142776b523d98f59b038 (commit: "271a445a97ae4773086e17612eadbd1fc90446c2")
14:48:37.709 [main] DEBUG jp.ac.titech.c.se.stein.core.RepositoryRewriter - Rewrite commit: 271a445a97ae4773086e17612eadbd1fc90446c2 -> 271a445a97ae4773086e17612eadbd1fc90446c2 
14:48:37.710 [main] DEBUG jp.ac.titech.c.se.stein.app.Clusterer - Substitute parents: [271a445a97ae4773086e17612eadbd1fc90446c2] -> [271a445a97ae4773086e17612eadbd1fc90446c2] (commit: "989ed67285d81de444ebc40630c5ccb78125c7ed")
14:48:37.740 [main] DEBUG jp.ac.titech.c.se.stein.core.RepositoryRewriter - Rewrite tree: 9cc85a57d9ea2b6973f697ddc4216eac6222e09f -> 9cc85a57d9ea2b6973f697ddc4216eac6222e09f (commit: "989ed67285d81de444ebc40630c5ccb78125c7ed")
14:48:37.741 [main] DEBUG jp.ac.titech.c.se.stein.core.RepositoryRewriter - Rewrite commit: 989ed67285d81de444ebc40630c5ccb78125c7ed -> 989ed67285d81de444ebc40630c5ccb78125c7ed 
14:48:37.741 [main] DEBUG jp.ac.titech.c.se.stein.app.Clusterer - Substitute parents: [989ed67285d81de444ebc40630c5ccb78125c7ed] -> [989ed67285d81de444ebc40630c5ccb78125c7ed] (commit: "bb4997d4989503d58d25f183dcdfb8b41fea8e8c")
14:48:37.751 [main] DEBUG jp.ac.titech.c.se.stein.core.RepositoryRewriter - Rewrite tree: 4147f240961556b8142d1ee4bce0c48826a52c00 -> 4147f240961556b8142d1ee4bce0c48826a52c00 (commit: "bb4997d4989503d58d25f183dcdfb8b41fea8e8c")
14:48:37.752 [main] DEBUG jp.ac.titech.c.se.stein.core.RepositoryRewriter - Rewrite commit: bb4997d4989503d58d25f183dcdfb8b41fea8e8c -> bb4997d4989503d58d25f183dcdfb8b41fea8e8c 
14:48:37.752 [main] DEBUG jp.ac.titech.c.se.stein.app.Clusterer - Substitute parents: [bb4997d4989503d58d25f183dcdfb8b41fea8e8c] -> [bb4997d4989503d58d25f183dcdfb8b41fea8e8c] (commit: "2718a4afb2535679b63f212b8e65f17b3f22c04f")
14:48:37.754 [main] DEBUG jp.ac.titech.c.se.stein.core.RepositoryRewriter - Rewrite tree: a1d4baebe286b88f1b3e699632d13df96ebffc39 -> a1d4baebe286b88f1b3e699632d13df96ebffc39 (commit: "2718a4afb2535679b63f212b8e65f17b3f22c04f")
14:48:37.755 [main] DEBUG jp.ac.titech.c.se.stein.core.RepositoryRewriter - Rewrite commit: 2718a4afb2535679b63f212b8e65f17b3f22c04f -> 2718a4afb2535679b63f212b8e65f17b3f22c04f 
14:48:37.755 [main] DEBUG jp.ac.titech.c.se.stein.app.Clusterer - Substitute parents: [2718a4afb2535679b63f212b8e65f17b3f22c04f] -> [2718a4afb2535679b63f212b8e65f17b3f22c04f] (commit: "89f44544bd9d68c94c5fc84dcef167cb33b25df5")
14:48:37.785 [main] DEBUG jp.ac.titech.c.se.stein.core.RepositoryRewriter - Rewrite tree: 4c130dec536f5796da9cedc723328166290ad500 -> 4c130dec536f5796da9cedc723328166290ad500 (commit: "89f44544bd9d68c94c5fc84dcef167cb33b25df5")
14:48:37.785 [main] DEBUG jp.ac.titech.c.se.stein.core.RepositoryRewriter - Rewrite commit: 89f44544bd9d68c94c5fc84dcef167cb33b25df5 -> 89f44544bd9d68c94c5fc84dcef167cb33b25df5 
14:48:37.786 [main] DEBUG jp.ac.titech.c.se.stein.app.Clusterer - Substitute parents: [89f44544bd9d68c94c5fc84dcef167cb33b25df5] -> [89f44544bd9d68c94c5fc84dcef167cb33b25df5] (commit: "a47b63288097d5c34a6819769acebe1cff15587b")
14:48:37.792 [main] DEBUG jp.ac.titech.c.se.stein.core.RepositoryRewriter - Rewrite tree: 2cc89419ee78a9766db960c4e0d7e165bfb402e7 -> 2cc89419ee78a9766db960c4e0d7e165bfb402e7 (commit: "a47b63288097d5c34a6819769acebe1cff15587b")
14:48:37.793 [main] DEBUG jp.ac.titech.c.se.stein.core.RepositoryRewriter - Rewrite commit: a47b63288097d5c34a6819769acebe1cff15587b -> a47b63288097d5c34a6819769acebe1cff15587b 
14:48:37.794 [main] DEBUG jp.ac.titech.c.se.stein.app.Clusterer - Substitute parents: [a47b63288097d5c34a6819769acebe1cff15587b] -> [a47b63288097d5c34a6819769acebe1cff15587b] (commit: "31e6ca18bbd0d52b77f35317b5f89b2a72e7615a")
14:48:37.804 [main] DEBUG jp.ac.titech.c.se.stein.core.RepositoryRewriter - Rewrite tree: 1da4dcf252743adb5dd6efbf81cca983a08f46a5 -> 1da4dcf252743adb5dd6efbf81cca983a08f46a5 (commit: "31e6ca18bbd0d52b77f35317b5f89b2a72e7615a")
14:48:37.805 [main] DEBUG jp.ac.titech.c.se.stein.core.RepositoryRewriter - Rewrite commit: 31e6ca18bbd0d52b77f35317b5f89b2a72e7615a -> 31e6ca18bbd0d52b77f35317b5f89b2a72e7615a 
14:48:37.806 [main] DEBUG jp.ac.titech.c.se.stein.app.Clusterer - Substitute parents: [31e6ca18bbd0d52b77f35317b5f89b2a72e7615a] -> [31e6ca18bbd0d52b77f35317b5f89b2a72e7615a] (commit: "21385b605ed17f0de1b9e2c845b6128ceeae81ca")
14:48:37.820 [main] DEBUG jp.ac.titech.c.se.stein.core.RepositoryRewriter - Rewrite tree: 1bd5c8d7e6ca7843de16c8daf40eea640e2d44ba -> 1bd5c8d7e6ca7843de16c8daf40eea640e2d44ba (commit: "21385b605ed17f0de1b9e2c845b6128ceeae81ca")
14:48:37.821 [main] DEBUG jp.ac.titech.c.se.stein.core.RepositoryRewriter - Rewrite commit: 21385b605ed17f0de1b9e2c845b6128ceeae81ca -> 21385b605ed17f0de1b9e2c845b6128ceeae81ca 
14:48:37.822 [main] DEBUG jp.ac.titech.c.se.stein.app.Clusterer - Substitute parents: [21385b605ed17f0de1b9e2c845b6128ceeae81ca] -> [21385b605ed17f0de1b9e2c845b6128ceeae81ca] (commit: "0d6348adaee59b31dd00eb7521a9efab0b42ee95")
14:48:37.832 [main] DEBUG jp.ac.titech.c.se.stein.core.RepositoryRewriter - Rewrite tree: 7ac4b9d8a502ce28fb5afb11cd646db2deda7642 -> 7ac4b9d8a502ce28fb5afb11cd646db2deda7642 (commit: "0d6348adaee59b31dd00eb7521a9efab0b42ee95")
14:48:37.832 [main] DEBUG jp.ac.titech.c.se.stein.core.RepositoryRewriter - Rewrite commit: 0d6348adaee59b31dd00eb7521a9efab0b42ee95 -> 0d6348adaee59b31dd00eb7521a9efab0b42ee95 
14:48:37.833 [main] DEBUG jp.ac.titech.c.se.stein.app.Clusterer - Substitute parents: [0d6348adaee59b31dd00eb7521a9efab0b42ee95] -> [0d6348adaee59b31dd00eb7521a9efab0b42ee95] (commit: "634e257dd5a3f7943dd47c703a04d701cba1be71")
14:48:37.834 [main] DEBUG jp.ac.titech.c.se.stein.core.RepositoryRewriter - Rewrite tree: 60482bd122a57f86dc8966d4bcf6bf9ef0e28bd9 -> 60482bd122a57f86dc8966d4bcf6bf9ef0e28bd9 (commit: "634e257dd5a3f7943dd47c703a04d701cba1be71")
14:48:37.835 [main] DEBUG jp.ac.titech.c.se.stein.core.RepositoryRewriter - Rewrite commit: 634e257dd5a3f7943dd47c703a04d701cba1be71 -> 634e257dd5a3f7943dd47c703a04d701cba1be71 
14:48:37.835 [main] DEBUG jp.ac.titech.c.se.stein.app.Clusterer - Substitute parents: [634e257dd5a3f7943dd47c703a04d701cba1be71] -> [634e257dd5a3f7943dd47c703a04d701cba1be71] (commit: "ffb5d01b70c5999379f53f150cf056423c30a089")
14:48:37.838 [main] DEBUG jp.ac.titech.c.se.stein.core.RepositoryRewriter - Rewrite tree: 4924ba9c382c62960855ec5b8aa80296d3fce648 -> 4924ba9c382c62960855ec5b8aa80296d3fce648 (commit: "ffb5d01b70c5999379f53f150cf056423c30a089")
14:48:37.839 [main] DEBUG jp.ac.titech.c.se.stein.core.RepositoryRewriter - Rewrite commit: ffb5d01b70c5999379f53f150cf056423c30a089 -> ffb5d01b70c5999379f53f150cf056423c30a089 
14:48:37.840 [main] DEBUG jp.ac.titech.c.se.stein.app.Clusterer - Substitute parents: [ffb5d01b70c5999379f53f150cf056423c30a089] -> [ffb5d01b70c5999379f53f150cf056423c30a089] (commit: "95c5d8e535d0dc0c36438defd45f9917f124f713")
14:48:37.862 [main] DEBUG jp.ac.titech.c.se.stein.core.RepositoryRewriter - Rewrite tree: 0f24a0c6bdcadb531c52fcba223c8e43c2c90d2a -> 0f24a0c6bdcadb531c52fcba223c8e43c2c90d2a (commit: "95c5d8e535d0dc0c36438defd45f9917f124f713")
14:48:37.863 [main] DEBUG jp.ac.titech.c.se.stein.core.RepositoryRewriter - Rewrite commit: 95c5d8e535d0dc0c36438defd45f9917f124f713 -> 95c5d8e535d0dc0c36438defd45f9917f124f713 
14:48:37.864 [main] DEBUG jp.ac.titech.c.se.stein.app.Clusterer - Substitute parents: [95c5d8e535d0dc0c36438defd45f9917f124f713] -> [95c5d8e535d0dc0c36438defd45f9917f124f713] (commit: "687fbb72ed2f716332e4ff08229b8566e31d4f91")
14:48:37.902 [main] DEBUG jp.ac.titech.c.se.stein.core.RepositoryRewriter - Rewrite tree: 35946d16ac3913f0d4c1071511bc1e7ce1cfebae -> 35946d16ac3913f0d4c1071511bc1e7ce1cfebae (commit: "687fbb72ed2f716332e4ff08229b8566e31d4f91")
14:48:37.903 [main] DEBUG jp.ac.titech.c.se.stein.core.RepositoryRewriter - Rewrite commit: 687fbb72ed2f716332e4ff08229b8566e31d4f91 -> 687fbb72ed2f716332e4ff08229b8566e31d4f91 
14:48:37.904 [main] DEBUG jp.ac.titech.c.se.stein.app.Clusterer - Substitute parents: [687fbb72ed2f716332e4ff08229b8566e31d4f91] -> [687fbb72ed2f716332e4ff08229b8566e31d4f91] (commit: "c8b60ef8545a8023734ec4461f2890e0fd27e7f0")
14:48:37.906 [main] DEBUG jp.ac.titech.c.se.stein.core.RepositoryRewriter - Rewrite tree: afd8eef7f58ba801b22b7c14b0f1fa16e82bf31d -> afd8eef7f58ba801b22b7c14b0f1fa16e82bf31d (commit: "c8b60ef8545a8023734ec4461f2890e0fd27e7f0")
14:48:37.907 [main] DEBUG jp.ac.titech.c.se.stein.core.RepositoryRewriter - Rewrite commit: c8b60ef8545a8023734ec4461f2890e0fd27e7f0 -> c8b60ef8545a8023734ec4461f2890e0fd27e7f0 
14:48:37.908 [main] DEBUG jp.ac.titech.c.se.stein.app.Clusterer - Substitute parents: [c8b60ef8545a8023734ec4461f2890e0fd27e7f0] -> [c8b60ef8545a8023734ec4461f2890e0fd27e7f0] (commit: "9eacace23039d93416bfd0bce8417447fa5d2fed")
